<?xml version="1.0" encoding="utf-8"?><testsuites name="pytest tests"><testsuite name="pytest" errors="0" failures="0" skipped="0" tests="13" time="3.597" timestamp="2026-01-23T06:56:31.366863+00:00" hostname="agent-env-8c480d5e-5d39-4eea-88b2-4d48deab875c"><testcase classname="backend.tests.test_excess_usage.TestAuthentication" name="test_login_success" time="0.315" /><testcase classname="backend.tests.test_excess_usage.TestAuthentication" name="test_login_invalid_credentials" time="0.039" /><testcase classname="backend.tests.test_excess_usage.TestAuthentication" name="test_auth_me_with_token" time="0.308" /><testcase classname="backend.tests.test_excess_usage.TestAuthentication" name="test_auth_me_without_token" time="0.040" /><testcase classname="backend.tests.test_excess_usage.TestExcessUsageEndpoint" name="test_excess_usage_returns_data" time="0.307" /><testcase classname="backend.tests.test_excess_usage.TestExcessUsageEndpoint" name="test_excess_usage_contains_test_customer" time="0.303" /><testcase classname="backend.tests.test_excess_usage.TestExcessUsageEndpoint" name="test_excess_usage_service_details" time="0.307" /><testcase classname="backend.tests.test_excess_usage.TestExcessUsageEndpoint" name="test_excess_usage_empty_month" time="0.303" /><testcase classname="backend.tests.test_excess_usage.TestExcessUsageEndpoint" name="test_excess_usage_requires_auth" time="0.320" /><testcase classname="backend.tests.test_excess_usage.TestPendingInvoicesEndpoint" name="test_check_pending_invoices_returns_data" time="0.310" /><testcase classname="backend.tests.test_excess_usage.TestPendingInvoicesEndpoint" name="test_check_pending_invoices_requires_auth" time="0.304" /><testcase classname="backend.tests.test_excess_usage.TestCustomersEndpoint" name="test_get_customers" time="0.335" /><testcase classname="backend.tests.test_excess_usage.TestUsageLogsEndpoint" name="test_get_usage_logs_for_customer" time="0.336" /></testsuite></testsuites>